\BOOKMARK [1][-]{section.1}{\376\377\001\020\036\301\000\040\000b\000\340\000i}{}% 1
\BOOKMARK [1][-]{section.2}{\376\377\000T\000h\036\361\000c\000\040\000h\000i\036\307\000n\000\040\000b\036\261\000n\000g\000\040\000P\000y\000t\000h\000o\000n}{}% 2
\BOOKMARK [2][-]{subsection.2.1}{\376\377\000S\000t\000e\000p\000\040\0001\000:\000\040\000T\000h\000u\000\040\000t\000h\036\255\000p\000\040\000d\036\357\000\040\000l\000i\036\307\000u}{section.2}% 3
\BOOKMARK [2][-]{subsection.2.2}{\376\377\000S\000t\000e\000p\000\040\0002\000:\000\040\000T\000r\036\361\000c\000\040\000q\000u\000a\000n\000\040\000h\000\363\000a\000\040\000d\036\357\000\040\000l\000i\036\307\000u}{section.2}% 4
\BOOKMARK [2][-]{subsection.2.3}{\376\377\000S\000t\000e\000p\000\040\0003\000:\000\040\000K\000i\036\303\000m\000\040\001\021\036\313\000n\000h\000\040\000A\000D\000F}{section.2}% 5
\BOOKMARK [2][-]{subsection.2.4}{\376\377\000S\000t\000e\000p\000\040\0004\000:\000\040\000S\000a\000i\000\040\000p\000h\000\342\000n\000\040\000d\036\357\000\040\000l\000i\036\307\000u}{section.2}% 6
\BOOKMARK [2][-]{subsection.2.5}{\376\377\000S\000t\000e\000p\000\040\0005\000:\000\040\000X\000\341\000c\000\040\001\021\036\313\000n\000h\000\040\000t\000h\000a\000m\000\040\000s\036\321\000\040\000p\000\040\000v\000\340\000\040\000q}{section.2}% 7
\BOOKMARK [2][-]{subsection.2.6}{\376\377\000S\000t\000e\000p\000\040\0006\000:\000\040\000X\000\342\000y\000\040\000d\036\361\000n\000g\000\040\000m\000\364\000\040\000h\000\354\000n\000h}{section.2}% 8
\BOOKMARK [2][-]{subsection.2.7}{\376\377\000S\000t\000e\000p\000\040\0007\000:\000\040\000D\036\361\000\040\000b\000\341\000o}{section.2}% 9
\BOOKMARK [2][-]{subsection.2.8}{\376\377\000S\000t\000e\000p\000\040\0008\000:\000\040\001\020\000\341\000n\000h\000\040\000g\000i\000\341\000\040\000m\000\364\000\040\000h\000\354\000n\000h}{section.2}% 10
\BOOKMARK [2][-]{subsection.2.9}{\376\377\000S\000t\000e\000p\000\040\0009\000:\000\040\000T\036\321\000i\000\040\001\260\000u\000\040\000m\000\364\000\040\000h\000\354\000n\000h}{section.2}% 11
\BOOKMARK [2][-]{subsection.2.10}{\376\377\000K\036\277\000t\000\040\000l\000u\036\255\000n\000\040\000c\000h\000u\000n\000g}{section.2}% 12
\BOOKMARK [1][-]{section.3}{\376\377\000T\000h\036\361\000c\000\040\000h\000i\036\307\000n\000\040\000b\036\261\000n\000g\000\040\000R}{}% 13
\BOOKMARK [2][-]{subsection.3.1}{\376\377\000S\000t\000e\000p\000\040\0001\000:\000\040\000T\000h\000u\000\040\000t\000h\036\255\000p\000\040\000d\036\357\000\040\000l\000i\036\307\000u}{section.3}% 14
\BOOKMARK [2][-]{subsection.3.2}{\376\377\000S\000t\000e\000p\000\040\0002\000:\000\040\000T\000r\036\361\000c\000\040\000q\000u\000a\000n\000\040\000h\000\363\000a\000\040\000d\036\357\000\040\000l\000i\036\307\000u}{section.3}% 15
\BOOKMARK [2][-]{subsection.3.3}{\376\377\000S\000t\000e\000p\000\040\0003\000:\000\040\000C\000h\000u\000y\036\303\000n\000\040\001\021\036\325\000i\000\040\000c\000h\000u\036\327\000i\000\040\000t\000h\036\335\000i\000\040\000g\000i\000a\000n}{section.3}% 16
\BOOKMARK [2][-]{subsection.3.4}{\376\377\000S\000t\000e\000p\000\040\0004\000:\000\040\000K\000i\036\303\000m\000\040\001\021\036\313\000n\000h\000\040\000A\000D\000F}{section.3}% 17
\BOOKMARK [2][-]{subsection.3.5}{\376\377\000S\000t\000e\000p\000\040\0005\000:\000\040\000S\000a\000i\000\040\000p\000h\000\342\000n}{section.3}% 18
\BOOKMARK [2][-]{subsection.3.6}{\376\377\000S\000t\000e\000p\000\040\0006\000:\000\040\000A\000C\000F\000\040\000v\000\340\000\040\000P\000A\000C\000F}{section.3}% 19
\BOOKMARK [2][-]{subsection.3.7}{\376\377\000S\000t\000e\000p\000\040\0007\000:\000\040\000X\000\342\000y\000\040\000d\036\361\000n\000g\000\040\000m\000\364\000\040\000h\000\354\000n\000h}{section.3}% 20
\BOOKMARK [2][-]{subsection.3.8}{\376\377\000S\000t\000e\000p\000\040\0008\000:\000\040\000D\036\361\000\040\000b\000\341\000o}{section.3}% 21
\BOOKMARK [2][-]{subsection.3.9}{\376\377\000S\000t\000e\000p\000\040\0009\000:\000\040\001\020\000\341\000n\000h\000\040\000g\000i\000\341\000\040\000m\000\364\000\040\000h\000\354\000n\000h}{section.3}% 22
\BOOKMARK [2][-]{subsection.3.10}{\376\377\000S\000t\000e\000p\000\040\0001\0000\000:\000\040\000A\000u\000t\000o\000\040\000A\000R\000I\000M\000A}{section.3}% 23
\BOOKMARK [2][-]{subsection.3.11}{\376\377\000K\036\277\000t\000\040\000l\000u\036\255\000n\000\040\000c\000h\000u\000n\000g}{section.3}% 24
\BOOKMARK [1][-]{section.4}{\376\377\000T\000h\036\361\000c\000\040\000h\000i\036\307\000n\000\040\000p\000h\000\342\000n\000\040\000t\000\355\000c\000h\000\040\000c\000h\000u\036\327\000i\000\040\000t\000h\036\335\000i\000\040\000g\000i\000a\000n\000\040\000b\036\261\000n\000g\000\040\000S\000P\000S\000S}{}% 25
\BOOKMARK [2][-]{subsection.4.1}{\376\377\000S\000t\000e\000p\000\040\0002\000:\000\040\000B\000i\036\303\000u\000\040\001\021\036\323\000\040\000c\000h\000u\036\327\000i\000\040\000t\000h\036\335\000i\000\040\000g\000i\000a\000n}{section.4}% 26
\BOOKMARK [2][-]{subsection.4.2}{\376\377\000S\000t\000e\000p\000\040\0003\000:\000\040\000K\000i\036\303\000m\000\040\000t\000r\000a\000\040\000t\000\355\000n\000h\000\040\000d\036\353\000n\000g}{section.4}% 27
\BOOKMARK [2][-]{subsection.4.3}{\376\377\000S\000t\000e\000p\000\040\0004\000:\000\040\000X\000\341\000c\000\040\001\021\036\313\000n\000h\000\040\000t\000h\000a\000m\000\040\000s\036\321\000\040\000p\000\040\000v\000\340\000\040\000q}{section.4}% 28
\BOOKMARK [2][-]{subsection.4.4}{\376\377\000S\000t\000e\000p\000\040\0005\000:\000\040\000X\000\342\000y\000\040\000d\036\361\000n\000g\000\040\000m\000\364\000\040\000h\000\354\000n\000h\000\040\000A\000R\000I\000M\000A}{section.4}% 29
\BOOKMARK [2][-]{subsection.4.5}{\376\377\000S\000t\000e\000p\000\040\0006\000:\000\040\001\020\000\341\000n\000h\000\040\000g\000i\000\341\000\040\000m\000\364\000\040\000h\000\354\000n\000h}{section.4}% 30
\BOOKMARK [2][-]{subsection.4.6}{\376\377\000S\000t\000e\000p\000\040\0008\000:\000\040\000L\036\361\000a\000\040\000c\000h\036\315\000n\000\040\000m\000\364\000\040\000h\000\354\000n\000h\000\040\000t\036\321\000i\000\040\001\260\000u\000\040\000b\036\261\000n\000g\000\040\000E\000x\000p\000e\000r\000t\000\040\000M\000o\000d\000e\000l\000e\000r}{section.4}% 31
\BOOKMARK [2][-]{subsection.4.7}{\376\377\000K\036\277\000t\000\040\000l\000u\036\255\000n}{section.4}% 32
